<?xml version="1.0" encoding="UTF-8"?>
<testng-results ignored="0" total="1" passed="1" failed="0" skipped="0">
  <reporter-output>
  </reporter-output>
  <suite started-at="2025-02-01T15:32:03 IST" name="Default suite" finished-at="2025-02-01T15:32:03 IST" duration-ms="56">
    <groups>
    </groups>
    <test started-at="2025-02-01T15:32:03 IST" name="Default test" finished-at="2025-02-01T15:32:03 IST" duration-ms="56">
      <class name="basic.sample3">
        <test-method signature="test([Ljava.lang.Object;)[pri:0, instance:basic.sample3@7334aada]" started-at="2025-02-01T15:32:03 IST" name="test" data-provider="demo" finished-at="2025-02-01T15:32:03 IST" duration-ms="13" status="PASS">
          <params>
            <param index="0">
              <value>
                <![CDATA[[Ljava.lang.Object;@305b7c14]]>
              </value>
            </param>
          </params>
          <reporter-output>
          </reporter-output>
        </test-method> <!-- test -->
      </class> <!-- basic.sample3 -->
    </test> <!-- Default test -->
  </suite> <!-- Default suite -->
</testng-results>
