<?xml version="1.0" encoding="UTF-8"?>
<testng-results ignored="0" total="3" passed="3" failed="0" skipped="0">
  <reporter-output>
  </reporter-output>
  <suite started-at="2024-10-25T15:54:41 IST" name="orange.suite" finished-at="2024-10-25T15:54:49 IST" duration-ms="8837">
    <groups>
    </groups>
    <test started-at="2024-10-25T15:54:41 IST" name="login test case" finished-at="2024-10-25T15:54:44 IST" duration-ms="3096">
      <class name="testcases.AdminloginTestCase">
        <test-method signature="checkadmin(java.lang.String,java.lang.String)[pri:0, instance:testcases.AdminloginTestCase@62379589]" started-at="2024-10-25T15:54:41 IST" name="checkadmin" finished-at="2024-10-25T15:54:44 IST" duration-ms="3054" status="PASS">
          <params>
            <param index="0">
              <value>
                <![CDATA[Admin]]>
              </value>
            </param>
            <param index="1">
              <value>
                <![CDATA[Qedge123!@#]]>
              </value>
            </param>
          </params>
          <reporter-output>
          </reporter-output>
        </test-method> <!-- checkadmin -->
      </class> <!-- testcases.AdminloginTestCase -->
    </test> <!-- login test case -->
    <test started-at="2024-10-25T15:54:44 IST" name="logintestcase invaildinputs" finished-at="2024-10-25T15:54:44 IST" duration-ms="442">
      <class name="testcases.AdminLoginTestCaseInvalidInputs">
        <test-method signature="Adminlogintest(java.lang.String,java.lang.String)[pri:0, instance:testcases.AdminLoginTestCaseInvalidInputs@1fa121e2]" started-at="2024-10-25T15:54:44 IST" name="Adminlogintest" finished-at="2024-10-25T15:54:44 IST" duration-ms="438" status="PASS">
          <params>
            <param index="0">
              <value>
                <![CDATA[Abc]]>
              </value>
            </param>
            <param index="1">
              <value>
                <![CDATA[Xyz]]>
              </value>
            </param>
          </params>
          <reporter-output>
          </reporter-output>
        </test-method> <!-- Adminlogintest -->
      </class> <!-- testcases.AdminLoginTestCaseInvalidInputs -->
    </test> <!-- logintestcase invaildinputs -->
    <test started-at="2024-10-25T15:54:44 IST" name="EmployeeRegistartionTestCse" finished-at="2024-10-25T15:54:49 IST" duration-ms="5247">
      <class name="testcases.EmployeeRegistsrtionTest">
        <test-method is-config="true" signature="lanchApp()[pri:0, instance:testcases.EmployeeRegistsrtionTest@198b6731]" started-at="2024-10-25T15:54:38 IST" name="lanchApp" finished-at="2024-10-25T15:54:41 IST" duration-ms="2257" status="PASS">
          <reporter-output>
          </reporter-output>
        </test-method> <!-- lanchApp -->
        <test-method is-config="true" signature="adminlogin()[pri:0, instance:testcases.EmployeeRegistsrtionTest@198b6731]" started-at="2024-10-25T15:54:44 IST" name="adminlogin" finished-at="2024-10-25T15:54:45 IST" duration-ms="849" status="PASS">
          <reporter-output>
          </reporter-output>
        </test-method> <!-- adminlogin -->
        <test-method signature="checkempreg(java.lang.String,java.lang.String)[pri:0, instance:testcases.EmployeeRegistsrtionTest@198b6731]" started-at="2024-10-25T15:54:45 IST" name="checkempreg" finished-at="2024-10-25T15:54:48 IST" duration-ms="2903" status="PASS">
          <params>
            <param index="0">
              <value>
                <![CDATA[Prasad]]>
              </value>
            </param>
            <param index="1">
              <value>
                <![CDATA[K]]>
              </value>
            </param>
          </params>
          <reporter-output>
          </reporter-output>
        </test-method> <!-- checkempreg -->
        <test-method is-config="true" signature="adminlogout()[pri:0, instance:testcases.EmployeeRegistsrtionTest@198b6731]" started-at="2024-10-25T15:54:48 IST" name="adminlogout" finished-at="2024-10-25T15:54:49 IST" duration-ms="1487" status="PASS">
          <reporter-output>
          </reporter-output>
        </test-method> <!-- adminlogout -->
        <test-method is-config="true" signature="closeapp()[pri:0, instance:testcases.EmployeeRegistsrtionTest@198b6731]" started-at="2024-10-25T15:54:49 IST" name="closeapp" finished-at="2024-10-25T15:54:50 IST" duration-ms="139" status="PASS">
          <reporter-output>
          </reporter-output>
        </test-method> <!-- closeapp -->
      </class> <!-- testcases.EmployeeRegistsrtionTest -->
    </test> <!-- EmployeeRegistartionTestCse -->
  </suite> <!-- orange.suite -->
</testng-results>
